INFO:     Will watch for changes in these directories: ['/workspaces/front_end/back_end']
INFO:     Uvicorn running on http://0.0.0.0:8000 (Press CTRL+C to quit)
INFO:     Started reloader process [56052] using WatchFiles
INFO:     Started server process [56054]
INFO:     Waiting for application startup.
INFO:     Application startup complete.
🔍 [DEBUG] Token reçu: 'test_token_41_ENSEIGNANT'
🔍 [DEBUG] Token parts: ['test', 'token', '41', 'ENSEIGNANT']
🔍 [DEBUG] Recherche user_id=41, role=ENSEIGNANT
✅ [DEBUG] Utilisateur trouvé dans SQLite: mariam@univ.ma
INFO:     172.166.156.101:0 - "GET /demandes/user/me HTTP/1.1" 500 Internal Server Error
ERROR:    Exception in ASGI application
Traceback (most recent call last):
  File "/usr/local/python/3.12.1/lib/python3.12/site-packages/uvicorn/protocols/http/httptools_impl.py", line 426, in run_asgi
    result = await app(  # type: ignore[func-returns-value]
             ^^^^^^^^^^^^^^^^^^^^^^^^^^^^^^^^^^^^^^^^^^^^^^
  File "/usr/local/python/3.12.1/lib/python3.12/site-packages/uvicorn/middleware/proxy_headers.py", line 84, in __call__
    return await self.app(scope, receive, send)
           ^^^^^^^^^^^^^^^^^^^^^^^^^^^^^^^^^^^^
  File "/usr/local/python/3.12.1/lib/python3.12/site-packages/fastapi/applications.py", line 1106, in __call__
    await super().__call__(scope, receive, send)
  File "/usr/local/python/3.12.1/lib/python3.12/site-packages/starlette/applications.py", line 122, in __call__
    await self.middleware_stack(scope, receive, send)
  File "/usr/local/python/3.12.1/lib/python3.12/site-packages/starlette/middleware/errors.py", line 184, in __call__
    raise exc
  File "/usr/local/python/3.12.1/lib/python3.12/site-packages/starlette/middleware/errors.py", line 162, in __call__
    await self.app(scope, receive, _send)
  File "/usr/local/python/3.12.1/lib/python3.12/site-packages/starlette/middleware/cors.py", line 83, in __call__
    await self.app(scope, receive, send)
  File "/usr/local/python/3.12.1/lib/python3.12/site-packages/starlette/middleware/exceptions.py", line 79, in __call__
    raise exc
  File "/usr/local/python/3.12.1/lib/python3.12/site-packages/starlette/middleware/exceptions.py", line 68, in __call__
    await self.app(scope, receive, sender)
  File "/usr/local/python/3.12.1/lib/python3.12/site-packages/fastapi/middleware/asyncexitstack.py", line 20, in __call__
    raise e
  File "/usr/local/python/3.12.1/lib/python3.12/site-packages/fastapi/middleware/asyncexitstack.py", line 17, in __call__
    await self.app(scope, receive, send)
  File "/usr/local/python/3.12.1/lib/python3.12/site-packages/starlette/routing.py", line 718, in __call__
    await route.handle(scope, receive, send)
  File "/usr/local/python/3.12.1/lib/python3.12/site-packages/starlette/routing.py", line 276, in handle
    await self.app(scope, receive, send)
  File "/usr/local/python/3.12.1/lib/python3.12/site-packages/starlette/routing.py", line 66, in app
    response = await func(request)
               ^^^^^^^^^^^^^^^^^^^
  File "/usr/local/python/3.12.1/lib/python3.12/site-packages/fastapi/routing.py", line 292, in app
    content = await serialize_response(
              ^^^^^^^^^^^^^^^^^^^^^^^^^
  File "/usr/local/python/3.12.1/lib/python3.12/site-packages/fastapi/routing.py", line 155, in serialize_response
    raise ResponseValidationError(
fastapi.exceptions.ResponseValidationError: 2 validation errors:
  {'type': 'datetime_parsing', 'loc': ('response', 1, 'date_debut'), 'msg': 'Input should be a valid datetime, input is too short', 'input': '', 'ctx': {'error': 'input is too short'}, 'url': 'https://errors.pydantic.dev/2.5/v/datetime_parsing'}
  {'type': 'datetime_parsing', 'loc': ('response', 1, 'date_fin'), 'msg': 'Input should be a valid datetime, input is too short', 'input': '', 'ctx': {'error': 'input is too short'}, 'url': 'https://errors.pydantic.dev/2.5/v/datetime_parsing'}

WARNING:  WatchFiles detected changes in 'schemas.py'. Reloading...
INFO:     Shutting down
INFO:     Waiting for application shutdown.
INFO:     Application shutdown complete.
INFO:     Finished server process [56054]
INFO:     Started server process [56496]
INFO:     Waiting for application startup.
INFO:     Application startup complete.
🔍 [DEBUG] Token reçu: 'test_token_41_ENSEIGNANT'
🔍 [DEBUG] Token parts: ['test', 'token', '41', 'ENSEIGNANT']
🔍 [DEBUG] Recherche user_id=41, role=ENSEIGNANT
✅ [DEBUG] Utilisateur trouvé dans SQLite: mariam@univ.ma
INFO:     172.166.156.101:0 - "GET /demandes/user/me HTTP/1.1" 200 OK
JWT decode failed: Not enough segments, trying test token format
✅ Demande sauvegardée dans SQLite avec l'ID: 15
INFO:     172.166.156.101:0 - "POST /demandes-direct HTTP/1.1" 200 OK
INFO:     197.230.24.20:0 - "GET /auth/me HTTP/1.1" 200 OK
INFO:     197.230.24.20:0 - "GET /auth/me HTTP/1.1" 200 OK
INFO:     197.230.24.20:0 - "POST /auth/login HTTP/1.1" 200 OK
INFO:     197.230.24.20:0 - "GET /auth/me HTTP/1.1" 200 OK
INFO:     197.230.24.20:0 - "OPTIONS /enseignant/profil HTTP/1.1" 200 OK
INFO:     197.230.24.20:0 - "GET /enseignant/profil HTTP/1.1" 200 OK
INFO:     197.230.24.20:0 - "OPTIONS /users/enseignants HTTP/1.1" 200 OK
INFO:     197.230.24.20:0 - "GET /users/enseignants HTTP/1.1" 200 OK
INFO:     197.230.24.20:0 - "GET /images/8e898346-857e-41f2-9012-5df923142be6.jpg HTTP/1.1" 200 OK
🔍 [DEBUG] Token reçu: 'test_token_41_ENSEIGNANT'
🔍 [DEBUG] Token parts: ['test', 'token', '41', 'ENSEIGNANT']
🔍 [DEBUG] Recherche user_id=41, role=ENSEIGNANT
✅ [DEBUG] Utilisateur trouvé dans SQLite: mariam@univ.ma
INFO:     197.230.24.20:0 - "GET /demandes/user/me?skip=0&limit=100 HTTP/1.1" 200 OK
INFO:     197.230.24.20:0 - "OPTIONS /demandes-direct HTTP/1.1" 200 OK
JWT decode failed: Not enough segments, trying test token format
✅ Demande sauvegardée dans SQLite avec l'ID: 16
INFO:     197.230.24.20:0 - "POST /demandes-direct HTTP/1.1" 200 OK
🔍 [DEBUG] Token reçu: 'test_token_41_ENSEIGNANT'
🔍 [DEBUG] Token parts: ['test', 'token', '41', 'ENSEIGNANT']
🔍 [DEBUG] Recherche user_id=41, role=ENSEIGNANT
✅ [DEBUG] Utilisateur trouvé dans SQLite: mariam@univ.ma
INFO:     197.230.24.20:0 - "GET /demandes/user/me?skip=0&limit=100 HTTP/1.1" 200 OK
